2023-02-25 18:07:54,786 [INFO] Activator:179 - 


2023-02-25 18:07:54,786 [INFO] Activator:180 - !SESSION log4j initialized
2023-02-25 18:08:17,545 [ERROR] LogOutputStream:74 - [STDERR_REDIRECT] SLF4J: Failed to load class "org.slf4j.impl.StaticLoggerBinder".
2023-02-25 18:08:17,547 [ERROR] LogOutputStream:74 - [STDERR_REDIRECT] SLF4J: Defaulting to no-operation (NOP) logger implementation
2023-02-25 18:08:17,548 [ERROR] LogOutputStream:74 - [STDERR_REDIRECT] SLF4J: See http://www.slf4j.org/codes.html#StaticLoggerBinder for further details.
2023-02-25 18:08:47,460 [INFO] McuFinderGlobals:52 - Set McuFinder mode to 2 (CubeIDE integrated)
2023-02-25 18:08:47,691 [INFO] ApplicationProperties:181 - Using Application install path: C:\ST\STM32CubeIDE_1.11.2\STM32CubeIDE\plugins\com.st.stm32cube.common.mx_6.7.0.202301130839
2023-02-25 18:08:47,707 [INFO] DbMcusXml:77 - Set database path to: C:\ST\STM32CubeIDE_1.11.2\STM32CubeIDE\plugins\com.st.stm32cube.common.mx_6.7.0.202301130839\\db\/mcu/
2023-02-25 18:08:47,707 [INFO] ApiDb:273 - Set plugin database path to: C:\ST\STM32CubeIDE_1.11.2\STM32CubeIDE\plugins\com.st.stm32cube.common.mx_6.7.0.202301130839\\db\/plugins/boardmanager/
2023-02-25 18:08:47,707 [WARN] ApiDb:258 - Overriding images path with different value:  => C:\ST\STM32CubeIDE_1.11.2\STM32CubeIDE\plugins\com.st.stm32cube.common.mx_6.7.0.202301130839\\db\/plugins/mcufinder/images/
2023-02-25 18:08:48,287 [WARN] ApiFinderProperties:110 - C:\Users\raw\.stmcufinder\plugins\mcufinder\mcu\mcuFinder.mfd doesn't exist
2023-02-25 18:08:48,287 [INFO] ApiDb:249 - Set database path to: C:\Users\raw\.stmcufinder\plugins\mcufinder//mcu/
2023-02-25 18:08:48,287 [INFO] DbMcusAds:124 - Set database path to: C:\Users\raw\.stmcufinder\plugins\mcufinder//mcu/
2023-02-25 18:08:48,301 [INFO] CrossReferenceDbSqlite:202 - Set database path to: C:\Users\raw\.stmcufinder\plugins\mcufinder//mcu/cs/
2023-02-25 18:08:48,363 [INFO] RulesReader:61 - Compatibility file has been processed (283 Rules)
2023-02-25 18:08:48,410 [INFO] DbMcusXml:77 - Set database path to: C:\ST\STM32CubeIDE_1.11.2\STM32CubeIDE\plugins\com.st.stm32cube.common.mx_6.7.0.202301130839\\db\/mcu/
2023-02-25 18:08:48,410 [INFO] ApiDb:273 - Set plugin database path to: C:\ST\STM32CubeIDE_1.11.2\STM32CubeIDE\plugins\com.st.stm32cube.common.mx_6.7.0.202301130839\\db\/plugins/boardmanager/
2023-02-25 18:08:48,410 [INFO] ApiDb:260 - Set plugin images path to: C:\ST\STM32CubeIDE_1.11.2\STM32CubeIDE\plugins\com.st.stm32cube.common.mx_6.7.0.202301130839\\db\/plugins/mcufinder/images/
2023-02-25 18:08:48,426 [WARN] DbFile:40 - Overriding database path with different value: C:\Users\raw\.stmcufinder\plugins\mcufinder/ => C:\Users\raw\.stmcufinder\plugins\mcufinder
2023-02-25 18:08:48,426 [INFO] ApiDb:249 - Set database path to: C:\Users\raw\.stmcufinder\plugins\mcufinder//mcu/
2023-02-25 18:08:48,426 [WARN] DbFile:40 - Overriding database path with different value: C:\Users\raw\.stmcufinder\plugins\mcufinder/ => C:\Users\raw\.stmcufinder\plugins\mcufinder
2023-02-25 18:08:48,426 [INFO] DbMcusAds:124 - Set database path to: C:\Users\raw\.stmcufinder\plugins\mcufinder//mcu/
2023-02-25 18:08:48,426 [WARN] DbFile:40 - Overriding database path with different value: C:\Users\raw\.stmcufinder\plugins\mcufinder/ => C:\Users\raw\.stmcufinder\plugins\mcufinder
2023-02-25 18:08:48,426 [WARN] DbFile:40 - Overriding database path with different value: C:\Users\raw\.stmcufinder\plugins\mcufinder/ => C:\Users\raw\.stmcufinder\plugins\mcufinder
2023-02-25 18:08:48,426 [INFO] CrossReferenceDbSqlite:202 - Set database path to: C:\Users\raw\.stmcufinder\plugins\mcufinder//mcu/cs/
2023-02-25 18:08:48,458 [INFO] MainPanel:252 - HeapMemory: 306184192
2023-02-25 18:08:48,505 [INFO] DbMcusXml:77 - Set database path to: C:\ST\STM32CubeIDE_1.11.2\STM32CubeIDE\plugins\com.st.stm32cube.common.mx_6.7.0.202301130839\\db\/mcu/
2023-02-25 18:08:48,505 [INFO] ApiDb:273 - Set plugin database path to: C:\ST\STM32CubeIDE_1.11.2\STM32CubeIDE\plugins\com.st.stm32cube.common.mx_6.7.0.202301130839\\db\/plugins/boardmanager/
2023-02-25 18:08:48,505 [INFO] ApiDb:260 - Set plugin images path to: C:\ST\STM32CubeIDE_1.11.2\STM32CubeIDE\plugins\com.st.stm32cube.common.mx_6.7.0.202301130839\\db\/plugins/mcufinder/images/
2023-02-25 18:08:48,505 [WARN] DbFile:40 - Overriding database path with different value: C:\Users\raw\.stmcufinder\plugins\mcufinder/ => C:\Users\raw\.stmcufinder\plugins\mcufinder
2023-02-25 18:08:48,505 [INFO] ApiDb:249 - Set database path to: C:\Users\raw\.stmcufinder\plugins\mcufinder//mcu/
2023-02-25 18:08:48,505 [WARN] DbFile:40 - Overriding database path with different value: C:\Users\raw\.stmcufinder\plugins\mcufinder/ => C:\Users\raw\.stmcufinder\plugins\mcufinder
2023-02-25 18:08:48,505 [INFO] DbMcusAds:124 - Set database path to: C:\Users\raw\.stmcufinder\plugins\mcufinder//mcu/
2023-02-25 18:08:48,505 [WARN] DbFile:40 - Overriding database path with different value: C:\Users\raw\.stmcufinder\plugins\mcufinder/ => C:\Users\raw\.stmcufinder\plugins\mcufinder
2023-02-25 18:08:48,505 [WARN] DbFile:40 - Overriding database path with different value: C:\Users\raw\.stmcufinder\plugins\mcufinder/ => C:\Users\raw\.stmcufinder\plugins\mcufinder
2023-02-25 18:08:48,505 [INFO] CrossReferenceDbSqlite:202 - Set database path to: C:\Users\raw\.stmcufinder\plugins\mcufinder//mcu/cs/
2023-02-25 18:08:48,520 [INFO] ApplicationProperties:181 - Using Application install path: C:\ST\STM32CubeIDE_1.11.2\STM32CubeIDE\plugins\com.st.stm32cube.common.mx_6.7.0.202301130839
2023-02-25 18:08:48,520 [INFO] PluginManage:193 - Search for loadable plugins [exclusion list=, ]
2023-02-25 18:08:48,520 [INFO] PluginManage:307 - Check plugin analytics
2023-02-25 18:08:48,694 [INFO] AnalyticsPlugin:262 - Accepted Software Licenses: 
2023-02-25 18:08:48,694 [INFO] AnalyticsPlugin:264 - Accepted CMSIS Pack Licenses: 
2023-02-25 18:08:48,694 [INFO] AnalyticsPlugin:266 - Accepted Firmware Licenses: 
2023-02-25 18:08:48,708 [INFO] PluginManage:356 - Loaded plugin analytics (category:tool,tabindex:-1)
2023-02-25 18:08:48,708 [INFO] PluginManage:307 - Check plugin cadmodel
2023-02-25 18:08:48,708 [INFO] CADModel:104 - Init CAD model plugin
2023-02-25 18:08:48,708 [INFO] PluginManage:356 - Loaded plugin cadmodel (category:power,tabindex:5)
2023-02-25 18:08:48,708 [INFO] PluginManage:307 - Check plugin clock
2023-02-25 18:08:48,724 [INFO] PluginManage:356 - Loaded plugin clock (category:base,tabindex:2)
2023-02-25 18:08:48,724 [INFO] PluginManage:307 - Check plugin ddr
2023-02-25 18:08:48,724 [INFO] PluginManage:356 - Loaded plugin ddr (category:tool,tabindex:6)
2023-02-25 18:08:48,724 [INFO] PluginManage:307 - Check plugin filemanager
2023-02-25 18:08:48,817 [INFO] PluginManage:356 - Loaded plugin filemanager (category:base,tabindex:10)
2023-02-25 18:08:48,817 [INFO] PluginManage:307 - Check plugin ipmanager
2023-02-25 18:08:48,817 [INFO] PluginManage:356 - Loaded plugin ipmanager (category:base,tabindex:5)
2023-02-25 18:08:48,817 [INFO] PluginManage:307 - Check plugin lpbam
2023-02-25 18:08:48,833 [INFO] PluginManage:356 - Loaded plugin lpbam (category:base,tabindex:0)
2023-02-25 18:08:48,833 [INFO] PluginManage:307 - Check plugin pinoutandconfiguration
2023-02-25 18:08:48,833 [INFO] PluginManage:356 - Loaded plugin pinoutandconfiguration (category:base,tabindex:1)
2023-02-25 18:08:48,833 [INFO] PluginManage:307 - Check plugin pinoutconfig
2023-02-25 18:08:48,864 [INFO] PluginManage:356 - Loaded plugin pinoutconfig (category:base,tabindex:0)
2023-02-25 18:08:48,864 [INFO] PluginManage:307 - Check plugin power
2023-02-25 18:08:48,864 [INFO] PluginManage:356 - Loaded plugin power (category:power,tabindex:4)
2023-02-25 18:08:48,864 [INFO] PluginManage:307 - Check plugin projectmanager
2023-02-25 18:08:48,880 [INFO] PluginManage:356 - Loaded plugin projectmanager (category:projectmanager,tabindex:3)
2023-02-25 18:08:48,880 [INFO] PluginManage:307 - Check plugin thirdparty
2023-02-25 18:08:48,942 [INFO] PluginManage:356 - Loaded plugin thirdparty (category:base,tabindex:-1)
2023-02-25 18:08:48,942 [WARN] IntegrityCheckThread:82 - waiting for thirdparty lock release [integrity check]
2023-02-25 18:08:48,942 [INFO] PluginManage:307 - Check plugin tools
2023-02-25 18:08:48,942 [INFO] IntegrityCheckThread:84 - entering critical section [integrity check]
2023-02-25 18:08:48,942 [INFO] PluginManage:356 - Loaded plugin tools (category:base,tabindex:7)
2023-02-25 18:08:48,942 [INFO] PluginManage:307 - Check plugin tutovideos
2023-02-25 18:08:48,942 [INFO] ThirdPartyUpdaterWithRetryManager:70 - Updater plugin not ready yet. [1/15]
2023-02-25 18:08:49,067 [INFO] PluginManage:356 - Loaded plugin tutovideos (category:base,tabindex:-1)
2023-02-25 18:08:49,067 [INFO] PluginManage:307 - Check plugin updater
2023-02-25 18:08:49,083 [INFO] PluginManage:356 - Loaded plugin updater (category:base,tabindex:12)
2023-02-25 18:08:49,083 [INFO] PluginManage:280 - PluginManage : Loaded plugins [15]
2023-02-25 18:08:49,224 [INFO] PinOutPanel:1477 - setPackage(No Configuration,No Configuration)
2023-02-25 18:08:49,273 [INFO] CADModel:164 - CPN selected for project level
2023-02-25 18:08:49,273 [INFO] CADModel:113 - Register for checkConnection events
2023-02-25 18:08:49,273 [INFO] IPUIPlugin:79 - create IPUIPlugin
2023-02-25 18:08:49,273 [INFO] PluginManager:219 - loadIPPluginJar : add adc
2023-02-25 18:08:49,273 [INFO] IPUIPlugin:79 - create IPUIPlugin
2023-02-25 18:08:49,273 [INFO] PluginManager:219 - loadIPPluginJar : add aes
2023-02-25 18:08:49,286 [INFO] IPUIPlugin:79 - create IPUIPlugin
2023-02-25 18:08:49,286 [INFO] PluginManager:219 - loadIPPluginJar : add can
2023-02-25 18:08:49,286 [INFO] IPUIPlugin:79 - create IPUIPlugin
2023-02-25 18:08:49,286 [INFO] PluginManager:219 - loadIPPluginJar : add comp
2023-02-25 18:08:49,286 [INFO] IPUIPlugin:79 - create IPUIPlugin
2023-02-25 18:08:49,286 [INFO] PluginManager:219 - loadIPPluginJar : add cryp
2023-02-25 18:08:49,286 [INFO] IPUIPlugin:79 - create IPUIPlugin
2023-02-25 18:08:49,286 [INFO] PluginManager:219 - loadIPPluginJar : add dfsdm
2023-02-25 18:08:49,286 [INFO] IPUIPlugin:79 - create IPUIPlugin
2023-02-25 18:08:49,286 [INFO] PluginManager:219 - loadIPPluginJar : add dma
2023-02-25 18:08:49,286 [INFO] IPUIPlugin:79 - create IPUIPlugin
2023-02-25 18:08:49,286 [INFO] PluginManager:219 - loadIPPluginJar : add dma3
2023-02-25 18:08:49,286 [INFO] IPUIPlugin:79 - create IPUIPlugin
2023-02-25 18:08:49,286 [INFO] PluginManager:219 - loadIPPluginJar : add fatfs
2023-02-25 18:08:49,286 [INFO] IPUIPlugin:79 - create IPUIPlugin
2023-02-25 18:08:49,286 [INFO] PluginManager:219 - loadIPPluginJar : add fmc
2023-02-25 18:08:49,301 [INFO] IPUIPlugin:79 - create IPUIPlugin
2023-02-25 18:08:49,301 [INFO] PluginManager:219 - loadIPPluginJar : add freertos
2023-02-25 18:08:49,301 [INFO] IPUIPlugin:79 - create IPUIPlugin
2023-02-25 18:08:49,301 [INFO] PluginManager:219 - loadIPPluginJar : add genericplugin
2023-02-25 18:08:49,301 [INFO] IPUIPlugin:79 - create IPUIPlugin
2023-02-25 18:08:49,301 [INFO] PluginManager:219 - loadIPPluginJar : add gfxmmu
2023-02-25 18:08:49,301 [INFO] IPUIPlugin:79 - create IPUIPlugin
2023-02-25 18:08:49,301 [INFO] PluginManager:219 - loadIPPluginJar : add gic
2023-02-25 18:08:49,301 [INFO] IPUIPlugin:79 - create IPUIPlugin
2023-02-25 18:08:49,301 [INFO] PluginManager:219 - loadIPPluginJar : add gpio
2023-02-25 18:08:49,301 [INFO] IPUIPlugin:79 - create IPUIPlugin
2023-02-25 18:08:49,301 [INFO] PluginManager:219 - loadIPPluginJar : add gtzc
2023-02-25 18:08:49,301 [INFO] IPUIPlugin:79 - create IPUIPlugin
2023-02-25 18:08:49,301 [INFO] PluginManager:219 - loadIPPluginJar : add hash
2023-02-25 18:08:49,317 [INFO] IPUIPlugin:79 - create IPUIPlugin
2023-02-25 18:08:49,317 [INFO] PluginManager:219 - loadIPPluginJar : add i2c
2023-02-25 18:08:49,317 [INFO] IPUIPlugin:79 - create IPUIPlugin
2023-02-25 18:08:49,317 [INFO] PluginManager:219 - loadIPPluginJar : add i2s
2023-02-25 18:08:49,317 [INFO] IPUIPlugin:79 - create IPUIPlugin
2023-02-25 18:08:49,317 [INFO] PluginManager:219 - loadIPPluginJar : add ipddr
2023-02-25 18:08:49,317 [INFO] IPUIPlugin:79 - create IPUIPlugin
2023-02-25 18:08:49,317 [INFO] PluginManager:219 - loadIPPluginJar : add linkedlist
2023-02-25 18:08:49,317 [INFO] IPUIPlugin:79 - create IPUIPlugin
2023-02-25 18:08:49,317 [INFO] PluginManager:219 - loadIPPluginJar : add lorawan
2023-02-25 18:08:49,317 [INFO] IPUIPlugin:79 - create IPUIPlugin
2023-02-25 18:08:49,317 [INFO] PluginManager:219 - loadIPPluginJar : add ltdc
2023-02-25 18:08:49,317 [INFO] IPUIPlugin:79 - create IPUIPlugin
2023-02-25 18:08:49,317 [INFO] PluginManager:219 - loadIPPluginJar : add mdma
2023-02-25 18:08:49,317 [INFO] IPUIPlugin:79 - create IPUIPlugin
2023-02-25 18:08:49,333 [INFO] PluginManager:219 - loadIPPluginJar : add nvic
2023-02-25 18:08:49,333 [INFO] IPUIPlugin:79 - create IPUIPlugin
2023-02-25 18:08:49,333 [INFO] PluginManager:219 - loadIPPluginJar : add opamp
2023-02-25 18:08:49,333 [INFO] IPUIPlugin:79 - create IPUIPlugin
2023-02-25 18:08:49,333 [INFO] PluginManager:219 - loadIPPluginJar : add openamp
2023-02-25 18:08:49,333 [INFO] IPUIPlugin:79 - create IPUIPlugin
2023-02-25 18:08:49,333 [INFO] PluginManager:219 - loadIPPluginJar : add pdm2pcm
2023-02-25 18:08:49,333 [INFO] IPUIPlugin:79 - create IPUIPlugin
2023-02-25 18:08:49,333 [INFO] PluginManager:219 - loadIPPluginJar : add plateformsettings
2023-02-25 18:08:49,333 [INFO] IPUIPlugin:79 - create IPUIPlugin
2023-02-25 18:08:49,333 [INFO] PluginManager:219 - loadIPPluginJar : add quadspi
2023-02-25 18:08:49,333 [INFO] IPUIPlugin:79 - create IPUIPlugin
2023-02-25 18:08:49,333 [INFO] PluginManager:219 - loadIPPluginJar : add resmgrutility
2023-02-25 18:08:49,333 [INFO] IPUIPlugin:79 - create IPUIPlugin
2023-02-25 18:08:49,333 [INFO] PluginManager:219 - loadIPPluginJar : add sai
2023-02-25 18:08:49,333 [INFO] IPUIPlugin:79 - create IPUIPlugin
2023-02-25 18:08:49,333 [INFO] PluginManager:219 - loadIPPluginJar : add spi
2023-02-25 18:08:49,349 [INFO] IPUIPlugin:79 - create IPUIPlugin
2023-02-25 18:08:49,349 [INFO] PluginManager:219 - loadIPPluginJar : add stm32_wpan
2023-02-25 18:08:49,349 [INFO] IPUIPlugin:79 - create IPUIPlugin
2023-02-25 18:08:49,349 [INFO] PluginManager:219 - loadIPPluginJar : add tim
2023-02-25 18:08:49,349 [INFO] IPUIPlugin:79 - create IPUIPlugin
2023-02-25 18:08:49,349 [INFO] PluginManager:219 - loadIPPluginJar : add touchsensing
2023-02-25 18:08:49,349 [INFO] IPUIPlugin:79 - create IPUIPlugin
2023-02-25 18:08:49,349 [INFO] PluginManager:219 - loadIPPluginJar : add tracer_emb
2023-02-25 18:08:49,349 [INFO] IPUIPlugin:79 - create IPUIPlugin
2023-02-25 18:08:49,349 [INFO] PluginManager:219 - loadIPPluginJar : add ts
2023-02-25 18:08:49,349 [INFO] IPUIPlugin:79 - create IPUIPlugin
2023-02-25 18:08:49,349 [INFO] PluginManager:219 - loadIPPluginJar : add tsc
2023-02-25 18:08:49,349 [INFO] IPUIPlugin:79 - create IPUIPlugin
2023-02-25 18:08:49,349 [INFO] PluginManager:219 - loadIPPluginJar : add ucpd
2023-02-25 18:08:49,349 [INFO] IPUIPlugin:79 - create IPUIPlugin
2023-02-25 18:08:49,349 [INFO] PluginManager:219 - loadIPPluginJar : add usart
2023-02-25 18:08:49,349 [INFO] IPUIPlugin:79 - create IPUIPlugin
2023-02-25 18:08:49,349 [INFO] PluginManager:219 - loadIPPluginJar : add usbx
2023-02-25 18:08:49,475 [INFO] CADModel:164 - CPN selected for project level
2023-02-25 18:08:49,475 [INFO] CADModel:113 - Register for checkConnection events
2023-02-25 18:08:49,475 [FATAL] Updater:308 - Updater called before beeing initialized
2023-02-25 18:08:49,475 [ERROR] CADModel:124 - Updater not yet initialized, retry later 
2023-02-25 18:08:49,569 [INFO] CADModel:164 - CPN selected for project level
2023-02-25 18:08:49,569 [INFO] CADModel:113 - Register for checkConnection events
2023-02-25 18:08:49,569 [FATAL] Updater:308 - Updater called before beeing initialized
2023-02-25 18:08:49,569 [ERROR] CADModel:124 - Updater not yet initialized, retry later 
2023-02-25 18:08:49,569 [FATAL] Updater:308 - Updater called before beeing initialized
2023-02-25 18:08:49,632 [FATAL] Updater:308 - Updater called before beeing initialized
2023-02-25 18:08:49,648 [INFO] DbMcusAds:52 - JSON generation date=Thu Sep 30 14:55:09 CST 2021 (1632984909247)
2023-02-25 18:08:49,648 [FATAL] Updater:308 - Updater called before beeing initialized
2023-02-25 18:08:49,663 [WARN] DetailPanel:344 - Failed to get advertising image, set to default
2023-02-25 18:08:49,726 [FATAL] Updater:308 - Updater called before beeing initialized
2023-02-25 18:08:49,726 [FATAL] Updater:308 - Updater called before beeing initialized
2023-02-25 18:08:49,726 [FATAL] Updater:308 - Updater called before beeing initialized
2023-02-25 18:08:49,726 [WARN] DetailPanel:344 - Failed to get advertising image, set to default
2023-02-25 18:08:49,726 [FATAL] Updater:308 - Updater called before beeing initialized
2023-02-25 18:08:49,757 [ERROR] Updater:1120 - MainUpdater not yet initialized. External WinMGr cannot be set.
2023-02-25 18:08:49,757 [INFO] Updater:1056 - Updater Version found : 6.7.0
2023-02-25 18:08:49,773 [INFO] ApplicationProperties:181 - Using Application install path: C:\ST\STM32CubeIDE_1.11.2\STM32CubeIDE\plugins\com.st.stm32cube.common.mx_6.7.0.202301130839
2023-02-25 18:08:49,788 [INFO] MainUpdater:518 - Copy updater definitions from MX database
2023-02-25 18:08:49,820 [INFO] MainUpdater:551 - Copy flag file definitions from MX database
2023-02-25 18:08:49,820 [INFO] MainUpdater:567 - Copy thirdparty index definitions from MX database
2023-02-25 18:08:49,820 [INFO] MainUpdater:586 - Copy default thirdparty db definitions from MX database
2023-02-25 18:08:49,976 [INFO] MainUpdater:2800 - connection check result : 10
2023-02-25 18:08:49,976 [INFO] MainUpdater:3494 - Updater definition file requires update
2023-02-25 18:08:49,976 [INFO] MainUpdater:282 - Updater Check For Update Now.
2023-02-25 18:08:49,976 [INFO] MicroXplorer:481 - Change Database Version : DB.6.0.70
2023-02-25 18:08:50,007 [INFO] ServerAccessManage:474 - Download File updaters.zip
2023-02-25 18:08:50,038 [INFO] FileExtend:239 - Unzip File : updaters.zip
2023-02-25 18:08:50,038 [INFO] FileExtend:254 - Standard Zip Deflate
2023-02-25 18:08:50,179 [INFO] ServerAccessManage:474 - Download File PacksControlFlags.xml
2023-02-25 18:08:50,225 [INFO] ServerAccessManage:474 - Download File cubemx.pidx
2023-02-25 18:08:50,320 [INFO] ServerAccessManage:474 - Download File STMicroelectronics.FP-ATR-ASTRA1.pdsc
2023-02-25 18:08:50,399 [INFO] ServerAccessManage:474 - Download File STMicroelectronics.FP-ATR-SIGFOX1.pdsc
2023-02-25 18:08:50,459 [INFO] ServerAccessManage:474 - Download File STMicroelectronics.X-CUBE-AI.pdsc
2023-02-25 18:08:50,756 [INFO] ServerAccessManage:474 - Download File STMicroelectronics.X-CUBE-ALS.pdsc
2023-02-25 18:08:50,819 [INFO] ServerAccessManage:474 - Download File STMicroelectronics.X-CUBE-BLE1.pdsc
2023-02-25 18:08:51,651 [ERROR] ServerAccessManage:1090 - Problem, file not found on Server
2023-02-25 18:08:51,676 [INFO] ServerAccessManage:474 - Download File STMicroelectronics.X-CUBE-BLE2.pdsc
2023-02-25 18:08:51,840 [INFO] ServerAccessManage:474 - Download File STMicroelectronics.X-CUBE-BLEMGR.pdsc
2023-02-25 18:08:51,950 [WARN] MainUpdater:1186 - Updater busy. Cannot search thirdparties
2023-02-25 18:08:51,950 [INFO] ThirdPartyUpdaterWithRetryManager:96 - Updater plugin is busy. [1/15]
2023-02-25 18:08:51,950 [INFO] ServerAccessManage:474 - Download File STMicroelectronics.X-CUBE-DISPLAY.pdsc
2023-02-25 18:08:52,105 [INFO] ServerAccessManage:474 - Download File STMicroelectronics.X-CUBE-EEPRMA1.pdsc
2023-02-25 18:08:52,665 [ERROR] ServerAccessManage:1090 - Problem, file not found on Server
2023-02-25 18:08:52,741 [INFO] ServerAccessManage:474 - Download File STMicroelectronics.X-CUBE-GNSS1.pdsc
2023-02-25 18:08:53,237 [ERROR] ServerAccessManage:1090 - Problem, file not found on Server
2023-02-25 18:08:53,746 [ERROR] ServerAccessManage:1090 - Problem, file not found on Server
2023-02-25 18:08:54,269 [ERROR] ServerAccessManage:1090 - Problem, file not found on Server
2023-02-25 18:08:54,789 [ERROR] ServerAccessManage:1090 - Problem, file not found on Server
2023-02-25 18:08:54,963 [WARN] MainUpdater:1186 - Updater busy. Cannot search thirdparties
2023-02-25 18:08:54,963 [INFO] ThirdPartyUpdaterWithRetryManager:96 - Updater plugin is busy. [2/15]
2023-02-25 18:08:55,308 [ERROR] ServerAccessManage:1090 - Problem, file not found on Server
2023-02-25 18:08:55,811 [ERROR] ServerAccessManage:1090 - Problem, file not found on Server
2023-02-25 18:08:55,827 [INFO] ServerAccessManage:474 - Download File STMicroelectronics.X-CUBE-ISPU.pdsc
2023-02-25 18:08:55,921 [INFO] ServerAccessManage:474 - Download File STMicroelectronics.X-CUBE-MEMS1.pdsc
2023-02-25 18:08:56,412 [INFO] ServerAccessManage:474 - Download File STMicroelectronics.X-CUBE-NFC4.pdsc
2023-02-25 18:08:56,742 [INFO] ServerAccessManage:474 - Download File STMicroelectronics.X-CUBE-NFC7.pdsc
2023-02-25 18:08:56,791 [INFO] ServerAccessManage:474 - Download File STMicroelectronics.X-CUBE-SFXS2LP1.pdsc
2023-02-25 18:08:56,901 [INFO] ServerAccessManage:474 - Download File STMicroelectronics.X-CUBE-SUBG2.pdsc
2023-02-25 18:08:57,103 [INFO] ServerAccessManage:474 - Download File STMicroelectronics.X-CUBE-TOF1.pdsc
2023-02-25 18:08:57,758 [ERROR] ServerAccessManage:1090 - Problem, file not found on Server
2023-02-25 18:08:57,793 [INFO] ServerAccessManage:474 - Download File STMicroelectronics.X-CUBE-TOUCHGFX.pdsc
2023-02-25 18:08:57,991 [WARN] MainUpdater:1186 - Updater busy. Cannot search thirdparties
2023-02-25 18:08:57,991 [INFO] ThirdPartyUpdaterWithRetryManager:96 - Updater plugin is busy. [3/15]
2023-02-25 18:08:58,088 [INFO] ServerAccessManage:474 - Download File STMicroelectronics.X-CUBE-ALGOBUILD.pdsc
2023-02-25 18:08:58,268 [INFO] ServerAccessManage:474 - Download File STMicroelectronics.X-CUBE-AZRTOS-H7.pdsc
2023-02-25 18:08:58,418 [INFO] ServerAccessManage:474 - Download File STMicroelectronics.X-CUBE-AZRTOS-F4.pdsc
2023-02-25 18:08:58,499 [INFO] ServerAccessManage:474 - Download File STMicroelectronics.X-CUBE-AZRTOS-F7.pdsc
2023-02-25 18:08:58,578 [INFO] ServerAccessManage:474 - Download File STMicroelectronics.X-CUBE-AZRTOS-L4.pdsc
2023-02-25 18:08:58,643 [INFO] ServerAccessManage:474 - Download File STMicroelectronics.X-CUBE-AZRTOS-L5.pdsc
2023-02-25 18:08:58,745 [INFO] ServerAccessManage:474 - Download File STMicroelectronics.X-CUBE-AZRTOS-G0.pdsc
2023-02-25 18:08:58,866 [INFO] ServerAccessManage:474 - Download File STMicroelectronics.X-CUBE-AZRTOS-G4.pdsc
2023-02-25 18:08:58,933 [INFO] ServerAccessManage:474 - Download File STMicroelectronics.X-CUBE-AZRTOS-WB.pdsc
2023-02-25 18:08:58,987 [INFO] ServerAccessManage:474 - Download File STMicroelectronics.X-CUBE-AZRTOS-WL.pdsc
2023-02-25 18:09:01,000 [WARN] MainUpdater:1186 - Updater busy. Cannot search thirdparties
2023-02-25 18:09:01,000 [INFO] ThirdPartyUpdaterWithRetryManager:96 - Updater plugin is busy. [4/15]
2023-02-25 18:09:01,803 [INFO] ServerAccessManage:474 - Download File wolfSSL.I-CUBE-wolfSSL.pdsc
2023-02-25 18:09:04,004 [WARN] MainUpdater:1186 - Updater busy. Cannot search thirdparties
2023-02-25 18:09:04,004 [INFO] ThirdPartyUpdaterWithRetryManager:96 - Updater plugin is busy. [5/15]
2023-02-25 18:09:07,015 [WARN] MainUpdater:1186 - Updater busy. Cannot search thirdparties
2023-02-25 18:09:07,015 [INFO] ThirdPartyUpdaterWithRetryManager:96 - Updater plugin is busy. [6/15]
2023-02-25 18:09:10,031 [WARN] MainUpdater:1186 - Updater busy. Cannot search thirdparties
2023-02-25 18:09:10,031 [INFO] ThirdPartyUpdaterWithRetryManager:96 - Updater plugin is busy. [7/15]
2023-02-25 18:09:10,667 [INFO] MainUpdater:2800 - connection check result : 10
2023-02-25 18:09:13,054 [WARN] MainUpdater:1186 - Updater busy. Cannot search thirdparties
2023-02-25 18:09:13,054 [INFO] ThirdPartyUpdaterWithRetryManager:96 - Updater plugin is busy. [8/15]
2023-02-25 18:09:16,057 [WARN] MainUpdater:1186 - Updater busy. Cannot search thirdparties
2023-02-25 18:09:16,057 [INFO] ThirdPartyUpdaterWithRetryManager:96 - Updater plugin is busy. [9/15]
2023-02-25 18:09:19,080 [WARN] MainUpdater:1186 - Updater busy. Cannot search thirdparties
2023-02-25 18:09:19,080 [INFO] ThirdPartyUpdaterWithRetryManager:96 - Updater plugin is busy. [10/15]
2023-02-25 18:09:22,099 [WARN] MainUpdater:1186 - Updater busy. Cannot search thirdparties
2023-02-25 18:09:22,099 [INFO] ThirdPartyUpdaterWithRetryManager:96 - Updater plugin is busy. [11/15]
2023-02-25 18:09:25,114 [WARN] MainUpdater:1186 - Updater busy. Cannot search thirdparties
2023-02-25 18:09:25,114 [INFO] ThirdPartyUpdaterWithRetryManager:96 - Updater plugin is busy. [12/15]
2023-02-25 18:09:28,122 [WARN] MainUpdater:1186 - Updater busy. Cannot search thirdparties
2023-02-25 18:09:28,122 [INFO] ThirdPartyUpdaterWithRetryManager:96 - Updater plugin is busy. [13/15]
2023-02-25 18:09:31,124 [WARN] MainUpdater:1186 - Updater busy. Cannot search thirdparties
2023-02-25 18:09:31,124 [INFO] ThirdPartyUpdaterWithRetryManager:96 - Updater plugin is busy. [14/15]
2023-02-25 18:09:32,026 [INFO] ApiDb:580 - Connected to CubeFinder SQLite database (C:\Users\raw\.stmcufinder\plugins\mcufinder\mcu\cube-finder-db.db)
2023-02-25 18:09:32,043 [INFO] ApiDb:667 - CubeFinder database Data Model version=2.1
2023-02-25 18:09:32,064 [INFO] ApiDb:668 - CubeFinder database Configuration version=3.0.35
2023-02-25 18:09:32,064 [INFO] ApiDb:669 - CubeFinder database generation date=2023-01-11 (1673424164)
2023-02-25 18:09:32,064 [INFO] ApiDb:670 - CubeFinder database FW Pack versions=[FP-ATR-ASTRA1_V1.1.1, STM32Cube_FW_C0_V1.0.0, STM32Cube_FW_F4_V1.27.1, STM32Cube_FW_F7_V1.17.0, STM32Cube_FW_G0_V1.6.1, STM32Cube_FW_G4_V1.5.0, STM32Cube_FW_H5_V0.5.1, STM32Cube_FW_H7_V1.11.0, STM32Cube_FW_L5_V1.5.0, STM32Cube_FW_U5_V1.1.1, STM32Cube_FW_WBA_V0.2.0, STM32Cube_FW_WB_V1.15.0, STM32Cube_FW_WB_V1.15.0RC1, STM32Cube_FW_WL_V1.3.0, X-CUBE-ALGOBUILD_V1.3.0, X-CUBE-ALS_V1.0.1, X-CUBE-AZRTOS-F4_V1.1.0, X-CUBE-AZRTOS-F7_V1.1.0, X-CUBE-AZRTOS-G0_V1.1.0, X-CUBE-AZRTOS-G4_V1.0.0, X-CUBE-AZRTOS-H7_V2.1.0, X-CUBE-AZRTOS-L4_V1.0.0, X-CUBE-AZRTOS-L5_V1.0.0, X-CUBE-AZRTOS-WL_V1.0.0, X-CUBE-BLE1_V6.2.4, X-CUBE-BLE2_V3.3.0, X-CUBE-BLEMGR_V1.3.0, X-CUBE-EEPRMA1_V4.1.0, X-CUBE-GNSS1_V6.0.0, X-CUBE-MEMS1_V9.1.0, X-CUBE-MEMS1_V9.3.0, X-CUBE-MEMS1_V9.4.0, X-CUBE-NFC4_V3.0.0, X-CUBE-NFC7_V1.0.0, X-CUBE-SFXS2LP1_V4.0.0, X-CUBE-SUBG2_V5.0.0]
2023-02-25 18:09:32,848 [INFO] ApiDb:239 - Found 143 in-development CPN: [B-WB1M-WPAN1, B-WL5M-SUBG1, NUCLEO-C031C6, STEVAL-PROTEUS1, STEVAL-STWINBX1, STM320518-EVAL, STM32C0116-DK, STM32C011D6Y3TR, STM32C011D6Y6TR, STM32C011F4P3, STM32C011F4P6, STM32C011F4U3, STM32C011F4U6TR, STM32C011F6P3, STM32C011F6P6, STM32C011F6U3, STM32C011F6U6TR, STM32C011J4M3, STM32C011J4M6, STM32C011J6M3, STM32C011J6M6, STM32C0316-DK, STM32C031C4T3, STM32C031C4T6, STM32C031C4U3, STM32C031C4U6, STM32C031C6T3, STM32C031C6T6, STM32C031C6U3, STM32C031C6U6, STM32C031F4P3, STM32C031F4P6, STM32C031F6P3, STM32C031F6P6, STM32C031G4U3, STM32C031G4U6, STM32C031G6U3, STM32C031G6U6, STM32C031K4T3, STM32C031K4T6, STM32C031K4U3, STM32C031K4U6, STM32C031K6T3, STM32C031K6T6, STM32C031K6U3, STM32C031K6U6, STM32G071K8TXN, STM32G071K8UXN, STM32G081GBU6N, STM32G081KBT6N, STM32G081KBUXN, STM32G0B1CCT6N, STM32G0B1KCT6, STM32G0B1NEY6TR, STM32G0B1RCT6N, STM32G0C1CCT6, STM32G0C1CCT6N, STM32G0C1CCU6N, STM32G0C1CET6N, STM32G0C1CEU6N, STM32G0C1KCT6, STM32G0C1NEY6TR, STM32G0C1RCI6N, STM32G0C1RCT6N, STM32G0C1REI6N, STM32G0C1RET6N, STM32G0C1VCI6, STM32G0C1VEI6, STM32G471CCT6, STM32G471CCU6, STM32G471CET3, STM32G471CET6, STM32G471CEU3, STM32G471CEU6, STM32G471MCT6, STM32G471MET3, STM32G471MET6, STM32G471MEY6TR, STM32G471QCT6, STM32G471QET3, STM32G471RCT6, STM32G471RET3, STM32G471RET6, STM32G471VCH6, STM32G471VCI6, STM32G471VCT6, STM32G471VEH3, STM32G471VEH6, STM32G471VEI3, STM32G471VEI6, STM32G471VET3, STM32G471VET6, STM32G474CCT6, STM32L476VGY6PTR, STM32L4R5QGI6STR, STM32MP131AAE3, STM32MP131AAF3, STM32MP131AAG3, STM32MP131CAE3, STM32MP131CAF3, STM32MP131CAG3, STM32MP131DAE7, STM32MP131DAF7, STM32MP131DAG7, STM32MP131FAE7, STM32MP131FAF7, STM32MP131FAG7, STM32MP133AAE3, STM32MP133AAF3, STM32MP133AAG3, STM32MP133CAE3, STM32MP133CAF3, STM32MP133CAG3, STM32MP133DAE7, STM32MP133DAF7, STM32MP133DAG7, STM32MP133FAE7, STM32MP133FAF7, STM32MP133FAG7, STM32MP135AAE3, STM32MP135AAF3, STM32MP135AAG3, STM32MP135CAE3, STM32MP135CAF3, STM32MP135CAG3, STM32MP135DAE7, STM32MP135DAF7, STM32MP135DAG7, STM32MP135F-DK, STM32MP135FAE7, STM32MP135FAF7, STM32MP135FAF7T, STM32MP135FAF7U, STM32MP135FAG7, STM32U595ZJT6Q, STM32U599BJY6QTR, STM32U599NIH6Q, STM32U599NJH6Q, STM32U5A5ZJT6Q, STM32U5A9BJY6QTR, STM32U5A9NJH6Q, STM32WB1MMCH6, STM32WL5MOCH6TR]
2023-02-25 18:09:32,848 [INFO] DbMcus:215 - Found 3582 MCUs, 3582 are supported
2023-02-25 18:09:32,848 [INFO] ApiDb:413 - User favorites file not found: C:\Users\raw/.stm32cubeide/favorites.mcus.txt
2023-02-25 18:09:32,848 [INFO] DbMcus:221 - Set 0 / 0 favorites MCUs
2023-02-25 18:09:32,981 [INFO] McuFinderGlobals:65 - Set McuFinderConnectedMode to true
2023-02-25 18:09:32,981 [INFO] MultiScanPanel:196 - Auto-refresh data requested => check proxy status ongoing
2023-02-25 18:09:32,988 [INFO] FinderPluginLoader:92 - Searching for filters in installed packs
2023-02-25 18:09:33,625 [ERROR] WebUtils:385 - Updater is busy
2023-02-25 18:09:33,625 [WARN] DetailPanel:344 - Failed to get advertising image, set to default
2023-02-25 18:09:33,922 [INFO] ApiDb:667 - CubeFinder database Data Model version=2.1
2023-02-25 18:09:33,922 [INFO] ApiDb:668 - CubeFinder database Configuration version=3.0.35
2023-02-25 18:09:33,922 [INFO] ApiDb:669 - CubeFinder database generation date=2023-01-11 (1673424164)
2023-02-25 18:09:33,922 [INFO] ApiDb:670 - CubeFinder database FW Pack versions=[FP-ATR-ASTRA1_V1.1.1, STM32Cube_FW_C0_V1.0.0, STM32Cube_FW_F4_V1.27.1, STM32Cube_FW_F7_V1.17.0, STM32Cube_FW_G0_V1.6.1, STM32Cube_FW_G4_V1.5.0, STM32Cube_FW_H5_V0.5.1, STM32Cube_FW_H7_V1.11.0, STM32Cube_FW_L5_V1.5.0, STM32Cube_FW_U5_V1.1.1, STM32Cube_FW_WBA_V0.2.0, STM32Cube_FW_WB_V1.15.0, STM32Cube_FW_WB_V1.15.0RC1, STM32Cube_FW_WL_V1.3.0, X-CUBE-ALGOBUILD_V1.3.0, X-CUBE-ALS_V1.0.1, X-CUBE-AZRTOS-F4_V1.1.0, X-CUBE-AZRTOS-F7_V1.1.0, X-CUBE-AZRTOS-G0_V1.1.0, X-CUBE-AZRTOS-G4_V1.0.0, X-CUBE-AZRTOS-H7_V2.1.0, X-CUBE-AZRTOS-L4_V1.0.0, X-CUBE-AZRTOS-L5_V1.0.0, X-CUBE-AZRTOS-WL_V1.0.0, X-CUBE-BLE1_V6.2.4, X-CUBE-BLE2_V3.3.0, X-CUBE-BLEMGR_V1.3.0, X-CUBE-EEPRMA1_V4.1.0, X-CUBE-GNSS1_V6.0.0, X-CUBE-MEMS1_V9.1.0, X-CUBE-MEMS1_V9.3.0, X-CUBE-MEMS1_V9.4.0, X-CUBE-NFC4_V3.0.0, X-CUBE-NFC7_V1.0.0, X-CUBE-SFXS2LP1_V4.0.0, X-CUBE-SUBG2_V5.0.0]
2023-02-25 18:09:33,937 [INFO] DbBoardsSqlite:225 - include board P-NUCLEO-WB55-NUCLEO as a kit item of type 'Nucleo-64'
2023-02-25 18:09:33,937 [INFO] DbBoardsSqlite:225 - include board P-NUCLEO-WB55-USBDONGLE as a kit item of type 'Nucleo USB Dongle'
2023-02-25 18:09:33,937 [INFO] DbBoardsSqlite:225 - include board STEVAL-IDP005V1 as a kit item of type 'Evaluation Board'
2023-02-25 18:09:33,937 [INFO] DbBoardsSqlite:225 - include board STEVAL-IDP005V2 as a kit item of type 'Evaluation Board'
2023-02-25 18:09:33,968 [INFO] ApiDb:239 - Found 143 in-development CPN: [B-WB1M-WPAN1, B-WL5M-SUBG1, NUCLEO-C031C6, STEVAL-PROTEUS1, STEVAL-STWINBX1, STM320518-EVAL, STM32C0116-DK, STM32C011D6Y3TR, STM32C011D6Y6TR, STM32C011F4P3, STM32C011F4P6, STM32C011F4U3, STM32C011F4U6TR, STM32C011F6P3, STM32C011F6P6, STM32C011F6U3, STM32C011F6U6TR, STM32C011J4M3, STM32C011J4M6, STM32C011J6M3, STM32C011J6M6, STM32C0316-DK, STM32C031C4T3, STM32C031C4T6, STM32C031C4U3, STM32C031C4U6, STM32C031C6T3, STM32C031C6T6, STM32C031C6U3, STM32C031C6U6, STM32C031F4P3, STM32C031F4P6, STM32C031F6P3, STM32C031F6P6, STM32C031G4U3, STM32C031G4U6, STM32C031G6U3, STM32C031G6U6, STM32C031K4T3, STM32C031K4T6, STM32C031K4U3, STM32C031K4U6, STM32C031K6T3, STM32C031K6T6, STM32C031K6U3, STM32C031K6U6, STM32G071K8TXN, STM32G071K8UXN, STM32G081GBU6N, STM32G081KBT6N, STM32G081KBUXN, STM32G0B1CCT6N, STM32G0B1KCT6, STM32G0B1NEY6TR, STM32G0B1RCT6N, STM32G0C1CCT6, STM32G0C1CCT6N, STM32G0C1CCU6N, STM32G0C1CET6N, STM32G0C1CEU6N, STM32G0C1KCT6, STM32G0C1NEY6TR, STM32G0C1RCI6N, STM32G0C1RCT6N, STM32G0C1REI6N, STM32G0C1RET6N, STM32G0C1VCI6, STM32G0C1VEI6, STM32G471CCT6, STM32G471CCU6, STM32G471CET3, STM32G471CET6, STM32G471CEU3, STM32G471CEU6, STM32G471MCT6, STM32G471MET3, STM32G471MET6, STM32G471MEY6TR, STM32G471QCT6, STM32G471QET3, STM32G471RCT6, STM32G471RET3, STM32G471RET6, STM32G471VCH6, STM32G471VCI6, STM32G471VCT6, STM32G471VEH3, STM32G471VEH6, STM32G471VEI3, STM32G471VEI6, STM32G471VET3, STM32G471VET6, STM32G474CCT6, STM32L476VGY6PTR, STM32L4R5QGI6STR, STM32MP131AAE3, STM32MP131AAF3, STM32MP131AAG3, STM32MP131CAE3, STM32MP131CAF3, STM32MP131CAG3, STM32MP131DAE7, STM32MP131DAF7, STM32MP131DAG7, STM32MP131FAE7, STM32MP131FAF7, STM32MP131FAG7, STM32MP133AAE3, STM32MP133AAF3, STM32MP133AAG3, STM32MP133CAE3, STM32MP133CAF3, STM32MP133CAG3, STM32MP133DAE7, STM32MP133DAF7, STM32MP133DAG7, STM32MP133FAE7, STM32MP133FAF7, STM32MP133FAG7, STM32MP135AAE3, STM32MP135AAF3, STM32MP135AAG3, STM32MP135CAE3, STM32MP135CAF3, STM32MP135CAG3, STM32MP135DAE7, STM32MP135DAF7, STM32MP135DAG7, STM32MP135F-DK, STM32MP135FAE7, STM32MP135FAF7, STM32MP135FAF7T, STM32MP135FAF7U, STM32MP135FAG7, STM32U595ZJT6Q, STM32U599BJY6QTR, STM32U599NIH6Q, STM32U599NJH6Q, STM32U5A5ZJT6Q, STM32U5A9BJY6QTR, STM32U5A9NJH6Q, STM32WB1MMCH6, STM32WL5MOCH6TR]
2023-02-25 18:09:34,015 [INFO] BoardInfo:879 - No configuration file found for board P-NUCLEO-WB55
2023-02-25 18:09:34,015 [INFO] DbBoards:156 - Kit is not supported: P-NUCLEO-WB55
2023-02-25 18:09:34,015 [INFO] BoardInfo:879 - No configuration file found for board STEVAL-BFA001V1B
2023-02-25 18:09:34,015 [INFO] DbBoards:156 - Kit is not supported: STEVAL-BFA001V1B
2023-02-25 18:09:34,015 [INFO] BoardInfo:879 - No configuration file found for board STEVAL-BFA001V2B
2023-02-25 18:09:34,015 [INFO] DbBoards:156 - Kit is not supported: STEVAL-BFA001V2B
2023-02-25 18:09:34,078 [INFO] DbBoards:160 - Found 179 boards, 176 are supported
2023-02-25 18:09:34,078 [INFO] ApiDb:413 - User favorites file not found: C:\Users\raw/.stm32cubeide/favorites.boards.txt
2023-02-25 18:09:34,078 [INFO] DbBoards:189 - Set 0 / 0 favorites Boards
2023-02-25 18:09:34,125 [WARN] MainUpdater:1186 - Updater busy. Cannot search thirdparties
2023-02-25 18:09:34,125 [INFO] ThirdPartyUpdaterWithRetryManager:96 - Updater plugin is busy. [15/15]
2023-02-25 18:09:34,125 [ERROR] IntegrityCheckThread:128 - Cannot retrieve database content from updater: error -1
2023-02-25 18:09:34,125 [INFO] ThirdParty:947 - Integrity check success = false
2023-02-25 18:09:34,125 [INFO] IntegrityCheckThread:98 - exiting critical section [integrity check]
2023-02-25 18:09:34,125 [INFO] IntegrityCheckThread:101 - End integrity checks thread
2023-02-25 18:09:40,860 [ERROR] ServerAccessManage:1090 - Problem, file not found on Server
2023-02-25 18:09:43,198 [ERROR] ServerAccessManage:1090 - Problem, file not found on Server
2023-02-25 18:09:45,313 [ERROR] ServerAccessManage:1090 - Problem, file not found on Server
2023-02-25 18:09:48,976 [INFO] ServerAccessManage:474 - Download File RoweBots.I-CUBE-UNISONRTOS.pdsc
2023-02-25 18:09:52,120 [ERROR] ServerAccessManage:1090 - Problem, file not found on Server
2023-02-25 18:09:52,867 [INFO] MainUpdater:2800 - connection check result : 10
2023-02-25 18:09:52,986 [ERROR] ServerAccessManage:1090 - Problem, file not found on Server
2023-02-25 18:09:53,763 [ERROR] ServerAccessManage:1090 - Problem, file not found on Server
2023-02-25 18:09:54,666 [ERROR] ServerAccessManage:1090 - Problem, file not found on Server
2023-02-25 18:09:57,293 [INFO] ServerAccessManage:474 - Download File SEGGER.I-CUBE-embOS.pdsc
2023-02-25 18:10:07,531 [INFO] ServerAccessManage:474 - Download File portGmbH.I-Cube-SoM-uGOAL.pdsc
2023-02-25 18:10:10,819 [ERROR] ServerAccessManage:1090 - Problem, file not found on Server
2023-02-25 18:10:11,056 [ERROR] ServerAccessManage:1090 - Problem, file not found on Server
2023-02-25 18:10:11,287 [ERROR] ServerAccessManage:1090 - Problem, file not found on Server
2023-02-25 18:10:13,613 [INFO] McuFinderGlobals:65 - Set McuFinderConnectedMode to true
2023-02-25 18:10:13,613 [INFO] MultiScanPanel:196 - Auto-refresh data requested => check proxy status ongoing
2023-02-25 18:10:13,613 [INFO] FinderPluginLoader:92 - Searching for filters in installed packs
2023-02-25 18:10:13,973 [ERROR] WebUtils:385 - Updater is busy
2023-02-25 18:10:13,973 [WARN] DetailPanel:344 - Failed to get advertising image, set to default
2023-02-25 18:10:14,640 [INFO] ServerAccessManage:474 - Download File emotas.I-CUBE-CANOPEN.pdsc
2023-02-25 18:10:15,823 [WARN] CheckServerUpdateThread:150 - Open CheckUpdateFile Fail
2023-02-25 18:10:15,839 [WARN] PackLoader:242 - Cannot read IP mode file for STMicroelectronics.FP-ATR-ASTRA1.1.1.1
2023-02-25 18:10:15,839 [WARN] PackLoader:242 - Cannot read IP mode file for STMicroelectronics.FP-ATR-SIGFOX1.3.2.0
2023-02-25 18:10:15,839 [WARN] PackLoader:242 - Cannot read IP mode file for STMicroelectronics.X-CUBE-AI.8.0.0
2023-02-25 18:10:15,839 [WARN] PackLoader:242 - Cannot read IP mode file for STMicroelectronics.X-CUBE-ALS.1.0.1
2023-02-25 18:10:15,854 [WARN] PackLoader:242 - Cannot read IP mode file for STMicroelectronics.X-CUBE-BLE1.6.2.4
2023-02-25 18:10:15,854 [WARN] PackLoader:242 - Cannot read IP mode file for STMicroelectronics.X-CUBE-BLE2.3.3.0
2023-02-25 18:10:15,854 [WARN] PackLoader:242 - Cannot read IP mode file for STMicroelectronics.X-CUBE-BLEMGR.1.3.0
2023-02-25 18:10:15,854 [WARN] PackLoader:242 - Cannot read IP mode file for STMicroelectronics.X-CUBE-DISPLAY.3.0.0
2023-02-25 18:10:15,869 [WARN] PackLoader:242 - Cannot read IP mode file for STMicroelectronics.X-CUBE-EEPRMA1.4.1.0
2023-02-25 18:10:15,869 [WARN] PackLoader:242 - Cannot read IP mode file for STMicroelectronics.X-CUBE-GNSS1.6.0.0
2023-02-25 18:10:15,869 [WARN] PackLoader:242 - Cannot read IP mode file for STMicroelectronics.X-CUBE-ISPU.1.1.0
2023-02-25 18:10:15,885 [WARN] PackLoader:242 - Cannot read IP mode file for STMicroelectronics.X-CUBE-MEMS1.9.5.0
2023-02-25 18:10:15,964 [WARN] PackLoader:242 - Cannot read IP mode file for STMicroelectronics.X-CUBE-NFC4.3.0.0
2023-02-25 18:10:15,964 [WARN] PackLoader:242 - Cannot read IP mode file for STMicroelectronics.X-CUBE-NFC7.1.0.0
2023-02-25 18:10:15,964 [WARN] PackLoader:242 - Cannot read IP mode file for STMicroelectronics.X-CUBE-SFXS2LP1.4.0.0
2023-02-25 18:10:15,964 [WARN] PackLoader:242 - Cannot read IP mode file for STMicroelectronics.X-CUBE-SUBG2.5.0.0
2023-02-25 18:10:15,964 [WARN] PackLoader:242 - Cannot read IP mode file for STMicroelectronics.X-CUBE-TOF1.3.2.0
2023-02-25 18:10:15,980 [WARN] PackLoader:242 - Cannot read IP mode file for STMicroelectronics.X-CUBE-TOUCHGFX.4.21.1
2023-02-25 18:10:15,980 [WARN] PackLoader:242 - Cannot read IP mode file for STMicroelectronics.X-CUBE-ALGOBUILD.1.3.0
2023-02-25 18:10:15,980 [WARN] PackLoader:242 - Cannot read IP mode file for STMicroelectronics.X-CUBE-AZRTOS-H7.3.0.0
2023-02-25 18:10:15,995 [WARN] PackLoader:242 - Cannot read IP mode file for STMicroelectronics.X-CUBE-AZRTOS-F4.1.1.0
2023-02-25 18:10:15,995 [WARN] PackLoader:242 - Cannot read IP mode file for STMicroelectronics.X-CUBE-AZRTOS-F7.1.1.0
2023-02-25 18:10:16,022 [WARN] PackLoader:242 - Cannot read IP mode file for STMicroelectronics.X-CUBE-AZRTOS-L4.1.0.0
2023-02-25 18:10:16,054 [WARN] PackLoader:242 - Cannot read IP mode file for STMicroelectronics.X-CUBE-AZRTOS-L5.1.1.0
2023-02-25 18:10:16,085 [WARN] PackLoader:242 - Cannot read IP mode file for STMicroelectronics.X-CUBE-AZRTOS-G0.1.1.0
2023-02-25 18:10:16,085 [WARN] PackLoader:242 - Cannot read IP mode file for STMicroelectronics.X-CUBE-AZRTOS-G4.1.0.0
2023-02-25 18:10:16,085 [WARN] PackLoader:242 - Cannot read IP mode file for STMicroelectronics.X-CUBE-AZRTOS-WB.1.1.0
2023-02-25 18:10:16,101 [WARN] PackLoader:242 - Cannot read IP mode file for STMicroelectronics.X-CUBE-AZRTOS-WL.1.0.0
2023-02-25 18:10:16,101 [WARN] PackLoader:242 - Cannot read IP mode file for wolfSSL.I-CUBE-wolfSSL.5.5.4
2023-02-25 18:10:16,101 [WARN] PackLoader:242 - Cannot read IP mode file for RoweBots.I-CUBE-UNISONRTOS.5.5.0-4
2023-02-25 18:10:16,116 [WARN] PackLoader:242 - Cannot read IP mode file for SEGGER.I-CUBE-embOS.1.3.1
2023-02-25 18:10:16,132 [WARN] PackLoader:242 - Cannot read IP mode file for portGmbH.I-Cube-SoM-uGOAL.1.1.0
2023-02-25 18:10:16,132 [WARN] PackLoader:242 - Cannot read IP mode file for emotas.I-CUBE-CANOPEN.1.1.3
2023-02-25 18:10:16,132 [INFO] PopulateThirdPartyThread:64 - Ending populate Thread
2023-02-25 18:10:16,147 [INFO] ThirdParty:999 - CMSIS Pack Vendor :STMicroelectronics X-CUBE-ISPU 1.1.0
2023-02-25 18:10:16,147 [INFO] ThirdParty:999 - CMSIS Pack Vendor :STMicroelectronics X-CUBE-DISPLAY 3.0.0
2023-02-25 18:10:16,147 [INFO] ThirdParty:999 - CMSIS Pack Vendor :RoweBots I-CUBE-UNISONRTOS 5.5.0-4
2023-02-25 18:10:16,147 [INFO] ThirdParty:999 - CMSIS Pack Vendor :STMicroelectronics X-CUBE-BLEMGR 1.3.0
2023-02-25 18:10:16,147 [INFO] ThirdParty:999 - CMSIS Pack Vendor :STMicroelectronics X-CUBE-GNSS1 6.0.0
2023-02-25 18:10:16,147 [INFO] ThirdParty:999 - CMSIS Pack Vendor :STMicroelectronics X-CUBE-AZRTOS-F4 1.1.0
2023-02-25 18:10:16,147 [INFO] ThirdParty:999 - CMSIS Pack Vendor :STMicroelectronics FP-ATR-SIGFOX1 3.2.0
2023-02-25 18:10:16,147 [INFO] ThirdParty:999 - CMSIS Pack Vendor :STMicroelectronics X-CUBE-AZRTOS-G4 1.0.0
2023-02-25 18:10:16,147 [INFO] ThirdParty:999 - CMSIS Pack Vendor :wolfSSL I-CUBE-wolfSSL 5.5.4
2023-02-25 18:10:16,147 [INFO] ThirdParty:999 - CMSIS Pack Vendor :STMicroelectronics X-CUBE-AZRTOS-L4 1.0.0
2023-02-25 18:10:16,147 [INFO] ThirdParty:999 - CMSIS Pack Vendor :STMicroelectronics X-CUBE-AI 8.0.0
2023-02-25 18:10:16,147 [INFO] ThirdParty:999 - CMSIS Pack Vendor :STMicroelectronics X-CUBE-TOUCHGFX 4.21.1
2023-02-25 18:10:16,147 [INFO] ThirdParty:999 - CMSIS Pack Vendor :STMicroelectronics X-CUBE-NFC7 1.0.0
2023-02-25 18:10:16,147 [INFO] ThirdParty:999 - CMSIS Pack Vendor :STMicroelectronics X-CUBE-AZRTOS-WL 1.0.0
2023-02-25 18:10:16,147 [INFO] ThirdParty:999 - CMSIS Pack Vendor :STMicroelectronics X-CUBE-AZRTOS-F7 1.1.0
2023-02-25 18:10:16,147 [INFO] ThirdParty:999 - CMSIS Pack Vendor :STMicroelectronics X-CUBE-ALS 1.0.1
2023-02-25 18:10:16,147 [INFO] ThirdParty:999 - CMSIS Pack Vendor :STMicroelectronics X-CUBE-EEPRMA1 4.1.0
2023-02-25 18:10:16,147 [INFO] ThirdParty:999 - CMSIS Pack Vendor :portGmbH I-Cube-SoM-uGOAL 1.1.0
2023-02-25 18:10:16,147 [INFO] ThirdParty:999 - CMSIS Pack Vendor :STMicroelectronics X-CUBE-MEMS1 9.5.0
2023-02-25 18:10:16,147 [INFO] ThirdParty:999 - CMSIS Pack Vendor :STMicroelectronics X-CUBE-AZRTOS-WB 1.1.0
2023-02-25 18:10:16,147 [INFO] ThirdParty:999 - CMSIS Pack Vendor :STMicroelectronics X-CUBE-ALGOBUILD 1.3.0
2023-02-25 18:10:16,147 [INFO] ThirdParty:999 - CMSIS Pack Vendor :SEGGER I-CUBE-embOS 1.3.1
2023-02-25 18:10:16,147 [INFO] ThirdParty:999 - CMSIS Pack Vendor :STMicroelectronics X-CUBE-BLE1 6.2.4
2023-02-25 18:10:16,147 [INFO] ThirdParty:999 - CMSIS Pack Vendor :STMicroelectronics X-CUBE-AZRTOS-L5 1.1.0
2023-02-25 18:10:16,147 [INFO] ThirdParty:999 - CMSIS Pack Vendor :STMicroelectronics X-CUBE-AZRTOS-G0 1.1.0
2023-02-25 18:10:16,147 [INFO] ThirdParty:999 - CMSIS Pack Vendor :emotas I-CUBE-CANOPEN 1.1.3
2023-02-25 18:10:16,147 [INFO] ThirdParty:999 - CMSIS Pack Vendor :STMicroelectronics X-CUBE-NFC4 3.0.0
2023-02-25 18:10:16,147 [INFO] ThirdParty:999 - CMSIS Pack Vendor :STMicroelectronics X-CUBE-SUBG2 5.0.0
2023-02-25 18:10:16,147 [INFO] ThirdParty:999 - CMSIS Pack Vendor :STMicroelectronics X-CUBE-SFXS2LP1 4.0.0
2023-02-25 18:10:16,147 [INFO] ThirdParty:999 - CMSIS Pack Vendor :STMicroelectronics X-CUBE-BLE2 3.3.0
2023-02-25 18:10:16,147 [INFO] ThirdParty:999 - CMSIS Pack Vendor :STMicroelectronics X-CUBE-TOF1 3.2.0
2023-02-25 18:10:16,147 [INFO] ThirdParty:999 - CMSIS Pack Vendor :STMicroelectronics FP-ATR-ASTRA1 1.1.1
2023-02-25 18:10:16,147 [INFO] ThirdParty:999 - CMSIS Pack Vendor :STMicroelectronics X-CUBE-AZRTOS-H7 3.0.0
2023-02-25 18:10:16,147 [INFO] LoadServerUpdatesThread:367 - End of LoadServerUpdate Thread
2023-02-25 18:10:25,854 [INFO] CheckServerUpdateThread:119 - End of CheckServer Thread
2023-02-25 18:11:01,324 [INFO] MainUpdater:2800 - connection check result : 10
2023-02-25 18:11:01,324 [INFO] MainUpdater:2800 - connection check result : 10
2023-02-25 18:11:01,340 [INFO] MicroXplorer:451 - Change Database Path : 
2023-02-25 18:11:01,340 [INFO] MicroXplorer:481 - Change Database Version : DB.6.0.70
2023-02-25 18:11:01,340 [WARN] ThirdParty:845 - waiting for thirdparty lock release [close project]
2023-02-25 18:11:01,340 [INFO] ThirdParty:847 - entering critical section [close project]
2023-02-25 18:11:01,340 [INFO] ThirdParty:857 - exiting critical section [close project]
2023-02-25 18:11:01,355 [INFO] PinOutPanel:1477 - setPackage(No Configuration,No Configuration)
2023-02-25 18:11:01,355 [INFO] UtilMem:74 - Begin LoadConfig() Used Memory: 470753752 Bytes (652214272)
2023-02-25 18:11:01,355 [INFO] MicroXplorer:451 - Change Database Path : 
2023-02-25 18:11:01,355 [INFO] MicroXplorer:481 - Change Database Version : DB.6.0.70
2023-02-25 18:11:01,355 [INFO] OpenFileManager:307 - Change cursor
2023-02-25 18:11:01,371 [WARN] IntegrityCheckThread:82 - waiting for thirdparty lock release [integrity check]
2023-02-25 18:11:01,371 [INFO] IntegrityCheckThread:84 - entering critical section [integrity check]
2023-02-25 18:11:01,418 [WARN] PackLoader:242 - Cannot read IP mode file for STMicroelectronics.X-CUBE-GNSS1.6.0.0
2023-02-25 18:11:01,418 [WARN] PackLoader:242 - Cannot read IP mode file for STMicroelectronics.X-CUBE-AZRTOS-F4.1.1.0
2023-02-25 18:11:01,434 [WARN] PackLoader:242 - Cannot read IP mode file for STMicroelectronics.X-CUBE-AZRTOS-F7.1.1.0
2023-02-25 18:11:01,434 [WARN] PackLoader:242 - Cannot read IP mode file for STMicroelectronics.X-CUBE-BLE1.6.2.4
2023-02-25 18:11:01,434 [WARN] PackLoader:242 - Cannot read IP mode file for emotas.I-CUBE-CANOPEN.1.1.3
2023-02-25 18:11:01,434 [WARN] PackLoader:242 - Cannot read IP mode file for STMicroelectronics.X-CUBE-DISPLAY.3.0.0
2023-02-25 18:11:01,449 [WARN] PackLoader:242 - Cannot read IP mode file for wolfSSL.I-CUBE-wolfSSL.5.5.4
2023-02-25 18:11:01,449 [WARN] PackLoader:242 - Cannot read IP mode file for STMicroelectronics.X-CUBE-NFC7.1.0.0
2023-02-25 18:11:01,449 [WARN] PackLoader:242 - Cannot read IP mode file for STMicroelectronics.X-CUBE-EEPRMA1.4.1.0
2023-02-25 18:11:01,449 [WARN] PackLoader:242 - Cannot read IP mode file for STMicroelectronics.X-CUBE-SFXS2LP1.4.0.0
2023-02-25 18:11:01,449 [WARN] PackLoader:242 - Cannot read IP mode file for STMicroelectronics.X-CUBE-BLE2.3.3.0
2023-02-25 18:11:01,449 [WARN] PackLoader:242 - Cannot read IP mode file for STMicroelectronics.X-CUBE-TOF1.3.2.0
2023-02-25 18:11:01,465 [WARN] PackLoader:242 - Cannot read IP mode file for STMicroelectronics.X-CUBE-AZRTOS-H7.3.0.0
2023-02-25 18:11:01,475 [WARN] PackLoader:242 - Cannot read IP mode file for STMicroelectronics.X-CUBE-ISPU.1.1.0
2023-02-25 18:11:01,475 [WARN] PackLoader:242 - Cannot read IP mode file for RoweBots.I-CUBE-UNISONRTOS.5.5.0-4
2023-02-25 18:11:01,475 [WARN] PackLoader:242 - Cannot read IP mode file for STMicroelectronics.X-CUBE-AI.8.0.0
2023-02-25 18:11:01,475 [WARN] PackLoader:242 - Cannot read IP mode file for STMicroelectronics.X-CUBE-TOUCHGFX.4.21.1
2023-02-25 18:11:01,491 [WARN] PackLoader:242 - Cannot read IP mode file for STMicroelectronics.X-CUBE-ALGOBUILD.1.3.0
2023-02-25 18:11:01,491 [WARN] PackLoader:242 - Cannot read IP mode file for STMicroelectronics.X-CUBE-AZRTOS-L5.1.1.0
2023-02-25 18:11:01,506 [WARN] PackLoader:242 - Cannot read IP mode file for STMicroelectronics.X-CUBE-AZRTOS-G0.1.1.0
2023-02-25 18:11:01,506 [WARN] PackLoader:242 - Cannot read IP mode file for STMicroelectronics.X-CUBE-SUBG2.5.0.0
2023-02-25 18:11:01,506 [WARN] PackLoader:242 - Cannot read IP mode file for STMicroelectronics.X-CUBE-NFC4.3.0.0
2023-02-25 18:11:01,506 [WARN] PackLoader:242 - Cannot read IP mode file for STMicroelectronics.FP-ATR-ASTRA1.1.1.1
2023-02-25 18:11:01,522 [WARN] PackLoader:242 - Cannot read IP mode file for STMicroelectronics.X-CUBE-BLEMGR.1.3.0
2023-02-25 18:11:01,522 [WARN] PackLoader:242 - Cannot read IP mode file for STMicroelectronics.X-CUBE-AZRTOS-G4.1.0.0
2023-02-25 18:11:01,522 [WARN] PackLoader:242 - Cannot read IP mode file for STMicroelectronics.FP-ATR-SIGFOX1.3.2.0
2023-02-25 18:11:01,522 [WARN] PackLoader:242 - Cannot read IP mode file for STMicroelectronics.X-CUBE-AZRTOS-L4.1.0.0
2023-02-25 18:11:01,538 [WARN] PackLoader:242 - Cannot read IP mode file for STMicroelectronics.X-CUBE-AZRTOS-WL.1.0.0
2023-02-25 18:11:01,538 [WARN] PackLoader:242 - Cannot read IP mode file for portGmbH.I-Cube-SoM-uGOAL.1.1.0
2023-02-25 18:11:01,538 [WARN] PackLoader:242 - Cannot read IP mode file for STMicroelectronics.X-CUBE-ALS.1.0.1
2023-02-25 18:11:01,553 [WARN] PackLoader:242 - Cannot read IP mode file for STMicroelectronics.X-CUBE-MEMS1.9.5.0
2023-02-25 18:11:01,600 [WARN] PackLoader:242 - Cannot read IP mode file for STMicroelectronics.X-CUBE-AZRTOS-WB.1.1.0
2023-02-25 18:11:01,600 [WARN] PackLoader:242 - Cannot read IP mode file for SEGGER.I-CUBE-embOS.1.3.1
2023-02-25 18:11:01,647 [INFO] ThirdParty:947 - Integrity check success = true
2023-02-25 18:11:01,647 [INFO] IntegrityCheckThread:98 - exiting critical section [integrity check]
2023-02-25 18:11:01,647 [INFO] IntegrityCheckThread:101 - End integrity checks thread
2023-02-25 18:11:01,678 [INFO] Mcu:1925 - Initializing MCU STM32F103ZETx STM32F103ZETx 
2023-02-25 18:11:01,683 [INFO] Mcu:1938 - No CPN specified => set CPN to STM32F103ZET6
2023-02-25 18:11:02,548 [INFO] Context:654 - Trying to add GPIOservice into a context  which must be forbidden
2023-02-25 18:11:02,704 [INFO] ImportTextPane:193 - (OptionalMessage_ERROR) Unable to find key (Mcu.ThirdPartyNb) in loaded IOC file
2023-02-25 18:11:02,704 [INFO] ImportTextPane:193 - (OptionalMessage_ERROR) Unable to find key (Mcu.PinsNb) in loaded IOC file
2023-02-25 18:11:02,704 [INFO] ImportTextPane:193 - (OptionalMessage_ERROR) Unable to find key (Mcu.IPNb) in loaded IOC file
2023-02-25 18:11:02,751 [INFO] RtosManager:489 - Registered RTOS mode: class=CMSIS, group=RTOS, mode=CMSIS_V1, owner=FREERTOS
2023-02-25 18:11:02,751 [INFO] RtosManager:489 - Registered RTOS mode: class=CMSIS, group=RTOS2, mode=CMSIS_V2, owner=FREERTOS
2023-02-25 18:11:02,751 [INFO] RtosManager:489 - Registered RTOS mode: class=RTOS, group=Core, mode=CMSIS_V1, owner=FREERTOS
2023-02-25 18:11:02,751 [INFO] RtosManager:489 - Registered RTOS mode: class=RTOS, group=Core, mode=CMSIS_V2, owner=FREERTOS
2023-02-25 18:11:02,751 [WARN] ModelIntegratedComponent:185 - Missing modes for component STMicroelectronics:FreeRTOS:0.0.1:STMicroelectronics:RTOS:FreeRTOS:Core:::10.2.0:
2023-02-25 18:11:02,751 [WARN] ModelIntegratedComponent:64 - No mode defined for component null
2023-02-25 18:11:02,751 [WARN] ModelIntegratedComponent:64 - No mode defined for component null
2023-02-25 18:11:02,751 [WARN] ModelIntegratedComponent:64 - No mode defined for component null
2023-02-25 18:11:02,751 [WARN] ModelIntegratedComponent:64 - No mode defined for component null
2023-02-25 18:11:02,751 [WARN] ModelIntegratedComponent:64 - No mode defined for component null
2023-02-25 18:11:02,751 [WARN] ModelIntegratedComponent:64 - No mode defined for component null
2023-02-25 18:11:02,751 [WARN] ModelIntegratedComponent:64 - No mode defined for component null
2023-02-25 18:11:02,751 [WARN] ModelIntegratedComponent:64 - No mode defined for component null
2023-02-25 18:11:02,751 [WARN] ModelIntegratedComponent:64 - No mode defined for component null
2023-02-25 18:11:02,751 [WARN] ModelIntegratedComponent:64 - No mode defined for component null
2023-02-25 18:11:02,751 [WARN] ModelIntegratedComponent:64 - No mode defined for component null
2023-02-25 18:11:02,751 [WARN] ModelIntegratedComponent:64 - No mode defined for component null
2023-02-25 18:11:02,751 [WARN] ModelIntegratedComponent:64 - No mode defined for component null
2023-02-25 18:11:02,751 [WARN] ModelIntegratedComponent:64 - No mode defined for component null
2023-02-25 18:11:02,751 [WARN] ModelIntegratedComponent:64 - No mode defined for component null
2023-02-25 18:11:02,751 [WARN] ModelIntegratedComponent:64 - No mode defined for component null
2023-02-25 18:11:02,751 [WARN] ModelIntegratedComponent:64 - No mode defined for component null
2023-02-25 18:11:02,751 [WARN] ModelIntegratedComponent:64 - No mode defined for component null
2023-02-25 18:11:02,751 [WARN] ModelIntegratedComponent:64 - No mode defined for component null
2023-02-25 18:11:02,751 [WARN] ModelIntegratedComponent:64 - No mode defined for component null
2023-02-25 18:11:02,751 [WARN] ModelIntegratedComponent:64 - No mode defined for component null
2023-02-25 18:11:02,751 [WARN] ModelIntegratedComponent:64 - No mode defined for component null
2023-02-25 18:11:02,751 [WARN] ModelIntegratedComponent:64 - No mode defined for component null
2023-02-25 18:11:02,751 [WARN] ModelIntegratedComponent:64 - No mode defined for component null
2023-02-25 18:11:02,751 [WARN] ModelIntegratedComponent:64 - No mode defined for component null
2023-02-25 18:11:02,751 [WARN] ModelIntegratedComponent:64 - No mode defined for component null
2023-02-25 18:11:02,751 [WARN] ModelIntegratedComponent:64 - No mode defined for component null
2023-02-25 18:11:02,751 [WARN] ModelIntegratedComponent:64 - No mode defined for component null
2023-02-25 18:11:02,751 [WARN] ModelIntegratedComponent:64 - No mode defined for component null
2023-02-25 18:11:02,751 [WARN] ModelIntegratedComponent:64 - No mode defined for component null
2023-02-25 18:11:02,751 [WARN] ModelIntegratedComponent:64 - No mode defined for component null
2023-02-25 18:11:02,751 [WARN] ModelIntegratedComponent:64 - No mode defined for component null
2023-02-25 18:11:02,751 [WARN] ModelIntegratedComponent:64 - No mode defined for component null
2023-02-25 18:11:02,830 [INFO] ThirdPartyModel:294 - Start build external matchings
2023-02-25 18:11:02,938 [INFO] ThirdPartyModel:310 - End build external matchings
2023-02-25 18:11:03,251 [INFO] UtilMem:74 - End LoadConfig() Used Memory: 480584768 Bytes (652214272)
2023-02-25 18:11:03,274 [WARN] ThirdParty:807 - waiting for thirdparty lock release [change project]
2023-02-25 18:11:03,274 [INFO] ThirdParty:809 - entering critical section [change project]
2023-02-25 18:11:03,274 [INFO] ThirdParty:999 - CMSIS Pack Vendor :STMicroelectronics X-CUBE-ISPU 1.1.0
2023-02-25 18:11:03,274 [INFO] ThirdParty:999 - CMSIS Pack Vendor :RoweBots I-CUBE-UNISONRTOS 5.5.0-4
2023-02-25 18:11:03,274 [INFO] ThirdParty:999 - CMSIS Pack Vendor :STMicroelectronics X-CUBE-GNSS1 6.0.0
2023-02-25 18:11:03,274 [INFO] ThirdParty:999 - CMSIS Pack Vendor :STMicroelectronics USB_HOST 2.0.0
2023-02-25 18:11:03,274 [INFO] ThirdParty:999 - CMSIS Pack Vendor :STMicroelectronics X-CUBE-AZRTOS-F4 1.1.0
2023-02-25 18:11:03,274 [INFO] ThirdParty:999 - CMSIS Pack Vendor :STMicroelectronics LIBJPEG 8.0.0
2023-02-25 18:11:03,274 [INFO] ThirdParty:999 - CMSIS Pack Vendor :STMicroelectronics USB_DEVICE 3.0.0
2023-02-25 18:11:03,274 [INFO] ThirdParty:999 - CMSIS Pack Vendor :STMicroelectronics X-CUBE-AI 8.0.0
2023-02-25 18:11:03,274 [INFO] ThirdParty:999 - CMSIS Pack Vendor :STMicroelectronics X-CUBE-TOUCHGFX 4.21.1
2023-02-25 18:11:03,274 [INFO] ThirdParty:999 - CMSIS Pack Vendor :STMicroelectronics X-CUBE-AZRTOS-F7 1.1.0
2023-02-25 18:11:03,274 [INFO] ThirdParty:999 - CMSIS Pack Vendor :STMicroelectronics USB_DEVICE 2.0.0
2023-02-25 18:11:03,274 [INFO] ThirdParty:999 - CMSIS Pack Vendor :STMicroelectronics X-CUBE-ALGOBUILD 1.3.0
2023-02-25 18:11:03,274 [INFO] ThirdParty:999 - CMSIS Pack Vendor :STMicroelectronics X-CUBE-BLE1 6.2.4
2023-02-25 18:11:03,274 [INFO] ThirdParty:999 - CMSIS Pack Vendor :STMicroelectronics X-CUBE-AZRTOS-L5 1.1.0
2023-02-25 18:11:03,274 [INFO] ThirdParty:999 - CMSIS Pack Vendor :STMicroelectronics FreeRTOS 0.0.1
2023-02-25 18:11:03,274 [INFO] ThirdParty:999 - CMSIS Pack Vendor :emotas I-CUBE-CANOPEN 1.1.3
2023-02-25 18:11:03,274 [INFO] ThirdParty:999 - CMSIS Pack Vendor :STMicroelectronics X-CUBE-AZRTOS-G0 1.1.0
2023-02-25 18:11:03,274 [INFO] ThirdParty:999 - CMSIS Pack Vendor :STMicroelectronics X-CUBE-SUBG2 5.0.0
2023-02-25 18:11:03,274 [INFO] ThirdParty:999 - CMSIS Pack Vendor :STMicroelectronics X-CUBE-NFC4 3.0.0
2023-02-25 18:11:03,274 [INFO] ThirdParty:999 - CMSIS Pack Vendor :STMicroelectronics STM32_WPAN 1.0.0
2023-02-25 18:11:03,274 [INFO] ThirdParty:999 - CMSIS Pack Vendor :STMicroelectronics lwIP 2.0.3
2023-02-25 18:11:03,274 [INFO] ThirdParty:999 - CMSIS Pack Vendor :STMicroelectronics USB_HOST 1.0.0
2023-02-25 18:11:03,274 [INFO] ThirdParty:999 - CMSIS Pack Vendor :STMicroelectronics PDM2PCM 3.1.0
2023-02-25 18:11:03,274 [INFO] ThirdParty:999 - CMSIS Pack Vendor :STMicroelectronics FP-ATR-ASTRA1 1.1.1
2023-02-25 18:11:03,274 [INFO] ThirdParty:999 - CMSIS Pack Vendor :STMicroelectronics PDM2PCM 3.3.0
2023-02-25 18:11:03,274 [INFO] ThirdParty:999 - CMSIS Pack Vendor :STMicroelectronics X-CUBE-DISPLAY 3.0.0
2023-02-25 18:11:03,274 [INFO] ThirdParty:999 - CMSIS Pack Vendor :STMicroelectronics X-CUBE-BLEMGR 1.3.0
2023-02-25 18:11:03,274 [INFO] ThirdParty:999 - CMSIS Pack Vendor :STMicroelectronics X-CUBE-AZRTOS-G4 1.0.0
2023-02-25 18:11:03,274 [INFO] ThirdParty:999 - CMSIS Pack Vendor :STMicroelectronics FP-ATR-SIGFOX1 3.2.0
2023-02-25 18:11:03,274 [INFO] ThirdParty:999 - CMSIS Pack Vendor :wolfSSL I-CUBE-wolfSSL 5.5.4
2023-02-25 18:11:03,274 [INFO] ThirdParty:999 - CMSIS Pack Vendor :STMicroelectronics X-CUBE-AZRTOS-L4 1.0.0
2023-02-25 18:11:03,274 [INFO] ThirdParty:999 - CMSIS Pack Vendor :STMicroelectronics HAL Drivers 0.0.0
2023-02-25 18:11:03,274 [INFO] ThirdParty:999 - CMSIS Pack Vendor :STMicroelectronics MBEDTLS 2.16.2
2023-02-25 18:11:03,274 [INFO] ThirdParty:999 - CMSIS Pack Vendor :STMicroelectronics MBEDTLS 2.14.1
2023-02-25 18:11:03,274 [INFO] ThirdParty:999 - CMSIS Pack Vendor :STMicroelectronics X-CUBE-NFC7 1.0.0
2023-02-25 18:11:03,274 [INFO] ThirdParty:999 - CMSIS Pack Vendor :STMicroelectronics X-CUBE-AZRTOS-WL 1.0.0
2023-02-25 18:11:03,274 [INFO] ThirdParty:999 - CMSIS Pack Vendor :STMicroelectronics X-CUBE-EEPRMA1 4.1.0
2023-02-25 18:11:03,274 [INFO] ThirdParty:999 - CMSIS Pack Vendor :portGmbH I-Cube-SoM-uGOAL 1.1.0
2023-02-25 18:11:03,274 [INFO] ThirdParty:999 - CMSIS Pack Vendor :STMicroelectronics X-CUBE-ALS 1.0.1
2023-02-25 18:11:03,274 [INFO] ThirdParty:999 - CMSIS Pack Vendor :STMicroelectronics X-CUBE-MEMS1 9.5.0
2023-02-25 18:11:03,274 [INFO] ThirdParty:999 - CMSIS Pack Vendor :STMicroelectronics ThreadX 1.0.0
2023-02-25 18:11:03,274 [INFO] ThirdParty:999 - CMSIS Pack Vendor :STMicroelectronics X-CUBE-AZRTOS-WB 1.1.0
2023-02-25 18:11:03,274 [INFO] ThirdParty:999 - CMSIS Pack Vendor :SEGGER I-CUBE-embOS 1.3.1
2023-02-25 18:11:03,274 [INFO] ThirdParty:999 - CMSIS Pack Vendor :STMicroelectronics USB_DEVICE 1.0.0
2023-02-25 18:11:03,274 [INFO] ThirdParty:999 - CMSIS Pack Vendor :STMicroelectronics ThreadX 0.0.2
2023-02-25 18:11:03,274 [INFO] ThirdParty:999 - CMSIS Pack Vendor :STMicroelectronics lwIP 2.1.2
2023-02-25 18:11:03,274 [INFO] ThirdParty:999 - CMSIS Pack Vendor :STMicroelectronics X-CUBE-SFXS2LP1 4.0.0
2023-02-25 18:11:03,274 [INFO] ThirdParty:999 - CMSIS Pack Vendor :STMicroelectronics X-CUBE-BLE2 3.3.0
2023-02-25 18:11:03,274 [INFO] ThirdParty:999 - CMSIS Pack Vendor :STMicroelectronics X-CUBE-TOF1 3.2.0
2023-02-25 18:11:03,274 [INFO] ThirdParty:999 - CMSIS Pack Vendor :STMicroelectronics PDM2PCM 3.2.0
2023-02-25 18:11:03,274 [INFO] ThirdParty:999 - CMSIS Pack Vendor :STMicroelectronics X-CUBE-AZRTOS-H7 3.0.0
2023-02-25 18:11:03,274 [INFO] ThirdParty:815 - exiting critical section [change project]
2023-02-25 18:11:03,464 [INFO] PinOutPanel:1477 - setPackage(No Configuration,No Configuration)
2023-02-25 18:11:03,464 [INFO] PinOutPanel:1477 - setPackage(STM32F103ZETx,LQFP144)
2023-02-25 18:11:03,714 [INFO] UtilMem:74 - Before build in PCC Used Memory: 517972128 Bytes (652214272)
2023-02-25 18:11:04,074 [INFO] UtilMem:74 - After build in PCC Used Memory: 508272288 Bytes (652214272)
2023-02-25 18:11:04,089 [INFO] IPUIPlugin:79 - create IPUIPlugin
2023-02-25 18:11:04,089 [INFO] IPUIPlugin:79 - create IPUIPlugin
2023-02-25 18:11:04,089 [INFO] IPUIPlugin:79 - create IPUIPlugin
2023-02-25 18:11:04,089 [INFO] IPUIPlugin:79 - create IPUIPlugin
2023-02-25 18:11:04,089 [INFO] IPUIPlugin:79 - create IPUIPlugin
2023-02-25 18:11:04,089 [INFO] IPUIPlugin:79 - create IPUIPlugin
2023-02-25 18:11:04,089 [INFO] IPUIPlugin:79 - create IPUIPlugin
2023-02-25 18:11:04,089 [INFO] IPUIPlugin:79 - create IPUIPlugin
2023-02-25 18:11:04,089 [INFO] IPUIPlugin:79 - create IPUIPlugin
2023-02-25 18:11:04,089 [INFO] IPUIPlugin:79 - create IPUIPlugin
2023-02-25 18:11:04,089 [INFO] IPUIPlugin:79 - create IPUIPlugin
2023-02-25 18:11:04,089 [INFO] IPUIPlugin:79 - create IPUIPlugin
2023-02-25 18:11:04,089 [INFO] IPUIPlugin:79 - create IPUIPlugin
2023-02-25 18:11:04,089 [INFO] IPUIPlugin:79 - create IPUIPlugin
2023-02-25 18:11:04,089 [INFO] IPUIPlugin:79 - create IPUIPlugin
2023-02-25 18:11:04,089 [INFO] IPUIPlugin:79 - create IPUIPlugin
2023-02-25 18:11:04,089 [INFO] IPUIPlugin:79 - create IPUIPlugin
2023-02-25 18:11:04,089 [INFO] IPUIPlugin:79 - create IPUIPlugin
2023-02-25 18:11:04,089 [INFO] IPUIPlugin:79 - create IPUIPlugin
2023-02-25 18:11:04,089 [INFO] IPUIPlugin:79 - create IPUIPlugin
2023-02-25 18:11:04,089 [INFO] IPUIPlugin:79 - create IPUIPlugin
2023-02-25 18:11:04,089 [INFO] IPUIPlugin:79 - create IPUIPlugin
2023-02-25 18:11:04,089 [INFO] IPUIPlugin:79 - create IPUIPlugin
2023-02-25 18:11:04,089 [INFO] IPUIPlugin:79 - create IPUIPlugin
2023-02-25 18:11:04,089 [INFO] IPUIPlugin:79 - create IPUIPlugin
2023-02-25 18:11:04,089 [INFO] IPUIPlugin:79 - create IPUIPlugin
2023-02-25 18:11:04,089 [INFO] IPUIPlugin:79 - create IPUIPlugin
2023-02-25 18:11:04,089 [INFO] IPUIPlugin:79 - create IPUIPlugin
2023-02-25 18:11:04,089 [INFO] IPUIPlugin:79 - create IPUIPlugin
2023-02-25 18:11:04,089 [INFO] IPUIPlugin:79 - create IPUIPlugin
2023-02-25 18:11:04,089 [INFO] IPUIPlugin:79 - create IPUIPlugin
2023-02-25 18:11:04,089 [INFO] IPUIPlugin:79 - create IPUIPlugin
2023-02-25 18:11:04,089 [INFO] IPUIPlugin:79 - create IPUIPlugin
2023-02-25 18:11:04,089 [INFO] IPUIPlugin:79 - create IPUIPlugin
2023-02-25 18:11:04,089 [INFO] IPUIPlugin:79 - create IPUIPlugin
2023-02-25 18:11:04,089 [INFO] IPUIPlugin:79 - create IPUIPlugin
2023-02-25 18:11:04,089 [INFO] IPUIPlugin:79 - create IPUIPlugin
2023-02-25 18:11:04,089 [INFO] IPUIPlugin:79 - create IPUIPlugin
2023-02-25 18:11:04,089 [INFO] IPUIPlugin:79 - create IPUIPlugin
2023-02-25 18:11:04,089 [INFO] IPUIPlugin:79 - create IPUIPlugin
2023-02-25 18:11:04,183 [INFO] CADModel:164 - CPN selected for project levelSTM32F103ZET6
2023-02-25 18:11:04,183 [INFO] CADModel:113 - Register for checkConnection events
2023-02-25 18:11:04,243 [INFO] OpenFileManager:327 - Restore cursor
2023-02-25 18:11:04,631 [INFO] UtilMem:74 - End SaveConfig() Used Memory: 547855928 Bytes (652214272)
2023-02-25 18:11:04,812 [INFO] ServerAccessManage:474 - Download File stm32cube_fw_f1_v180.zip
2023-02-25 18:11:07,548 [ERROR] FileExtend:454 - File entry not found
2023-02-25 18:11:07,564 [INFO] FileExtend:239 - Unzip File : stm32cube_fw_f1_v180.zip
2023-02-25 18:11:07,564 [INFO] FileExtend:254 - Standard Zip Deflate
2023-02-25 18:11:15,981 [INFO] ServerAccessManage:474 - Download File stm32cube_fw_f1_v184.zip
2023-02-25 18:11:16,866 [INFO] FileExtend:239 - Unzip File : stm32cube_fw_f1_v184.zip
2023-02-25 18:11:16,866 [INFO] FileExtend:254 - Standard Zip Deflate
2023-02-25 18:11:20,816 [INFO] LoadServerPackagesThread:190 - End of LoadServerPackages Thread
2023-02-25 18:11:20,958 [INFO] ThirdPartyModel:294 - Start build external matchings
2023-02-25 18:11:20,959 [INFO] UtilMem:74 - End SaveConfig() Used Memory: 781709528 Bytes (1073741824)
2023-02-25 18:11:21,081 [INFO] ThirdPartyModel:310 - End build external matchings
2023-02-25 18:11:21,081 [INFO] CheckServerUpdateThread:119 - End of CheckServer Thread
2023-02-25 18:11:21,222 [INFO] BlockDiagram:2759 - set Specific Code input for plugin: NVIC
2023-02-25 18:11:21,222 [INFO] BlockDiagram:2759 - set Specific Code input for plugin: RCC
2023-02-25 18:11:21,222 [INFO] CodeGenerator:692 - code generatio: config db path: C:\ST\STM32CubeIDE_1.11.2\STM32CubeIDE\plugins\com.st.stm32cube.common.mx_6.7.0.202301130839\\db\
2023-02-25 18:11:21,379 [INFO] CodeEngine:247 - oldGeneratedFile, C:\Users\raw\Desktop\Repositories\firstTest\MXTmpFiles\license.tmp_save
2023-02-25 18:11:21,654 [INFO] CodeEngine:271 - Generated code: C:\Users\raw\Desktop\Repositories\firstTest\MXTmpFiles\license.tmp
2023-02-25 18:11:21,654 [INFO] CodeEngine:247 - oldGeneratedFile, C:\Users\raw\Desktop\Repositories\firstTest\Core\Src\stm32f1xx_it.c_save
2023-02-25 18:11:21,748 [INFO] CodeEngine:271 - Generated code: C:\Users\raw\Desktop\Repositories\firstTest\Core\Src\stm32f1xx_it.c
2023-02-25 18:11:21,748 [INFO] CodeEngine:247 - oldGeneratedFile, C:\Users\raw\Desktop\Repositories\firstTest\Core\Inc\stm32f1xx_it.h_save
2023-02-25 18:11:21,795 [INFO] CodeEngine:271 - Generated code: C:\Users\raw\Desktop\Repositories\firstTest\Core\Inc\stm32f1xx_it.h
2023-02-25 18:11:21,858 [INFO] CodeEngine:247 - oldGeneratedFile, C:\Users\raw\Desktop\Repositories\firstTest\Core\Src\stm32f1xx_hal_msp.c_save
2023-02-25 18:11:21,921 [INFO] CodeEngine:271 - Generated code: C:\Users\raw\Desktop\Repositories\firstTest\Core\Src\stm32f1xx_hal_msp.c
2023-02-25 18:11:21,921 [INFO] CodeEngine:247 - oldGeneratedFile, C:\Users\raw\Desktop\Repositories\firstTest\MXTmpFiles\system.tmp_save
2023-02-25 18:11:21,952 [INFO] CodeEngine:271 - Generated code: C:\Users\raw\Desktop\Repositories\firstTest\MXTmpFiles\system.tmp
2023-02-25 18:11:21,952 [INFO] CodeEngine:303 - oldGeneratedFile, C:\Users\raw\Desktop\Repositories\firstTest\Core\Inc\stm32f1xx_hal_conf.h_save
2023-02-25 18:11:22,014 [INFO] CodeEngine:327 - Generated code: C:\Users\raw\Desktop\Repositories\firstTest\Core\Inc\stm32f1xx_hal_conf.h
2023-02-25 18:11:22,045 [INFO] CodeEngine:247 - oldGeneratedFile, C:\Users\raw\Desktop\Repositories\firstTest\Core\Inc\main.h_save
2023-02-25 18:11:22,092 [INFO] CodeEngine:271 - Generated code: C:\Users\raw\Desktop\Repositories\firstTest\Core\Inc\main.h
2023-02-25 18:11:22,092 [INFO] CodeEngine:247 - oldGeneratedFile, C:\Users\raw\Desktop\Repositories\firstTest\Core\Src\main.c_save
2023-02-25 18:11:22,154 [INFO] CodeEngine:271 - Generated code: C:\Users\raw\Desktop\Repositories\firstTest\Core\Src\main.c
2023-02-25 18:11:22,436 [INFO] ProjectBuilder:2919 - Time for Copy HAL[1] : 94mS.
2023-02-25 18:11:22,451 [INFO] ProjectBuilder:4183 - Project Generator version: 3.18.0-B7
2023-02-25 18:11:22,665 [INFO] ConfigFileManager:1396 - The Die is : DIE414
2023-02-25 18:11:22,665 [INFO] ApiDbMcu:505 - Load IP Config File for FATFS
2023-02-25 18:11:22,681 [INFO] ApiDbMcu:505 - Load IP Config File for FREERTOS
2023-02-25 18:11:22,681 [INFO] ApiDbMcu:505 - Load IP Config File for USB_DEVICE
2023-02-25 18:11:24,545 [INFO] ProjectBuilder:4351 - Time for Generating toolchain IDE Files: 2094mS.
2023-02-25 18:11:24,545 [INFO] ProjectBuilder:2790 - Time for Copy CMSIS : 0mS.
2023-02-25 18:11:24,545 [INFO] ProjectBuilder:2790 - Time for Copy CMSIS : 0mS.
2023-02-25 18:11:24,700 [INFO] McuFinderGlobals:65 - Set McuFinderConnectedMode to true
2023-02-25 18:11:24,700 [INFO] ApiDb:447 - Save user favorites file C:\Users\raw/.stm32cubeide/favorites.mcus.txt: 0 item(s)
2023-02-25 18:11:24,700 [INFO] ApiDb:451 - User favorites MCUs=[]
2023-02-25 18:11:48,116 [INFO] UtilMem:74 - End SaveConfig() Used Memory: 562252544 Bytes (1073741824)
2023-02-25 18:11:48,268 [INFO] BlockDiagram:2759 - set Specific Code input for plugin: NVIC
2023-02-25 18:11:48,268 [INFO] BlockDiagram:2759 - set Specific Code input for plugin: RCC
2023-02-25 18:11:48,268 [INFO] CodeGenerator:692 - code generatio: config db path: C:\ST\STM32CubeIDE_1.11.2\STM32CubeIDE\plugins\com.st.stm32cube.common.mx_6.7.0.202301130839\\db\
2023-02-25 18:11:48,330 [INFO] CodeEngine:247 - oldGeneratedFile, C:\Users\raw\Desktop\Repositories\firstTest\MXTmpFiles\license.tmp_save
2023-02-25 18:11:48,424 [INFO] CodeEngine:271 - Generated code: C:\Users\raw\Desktop\Repositories\firstTest\MXTmpFiles\license.tmp
2023-02-25 18:11:48,455 [INFO] CodeEngine:247 - oldGeneratedFile, C:\Users\raw\Desktop\Repositories\firstTest\Core\Src\stm32f1xx_it.c_save
2023-02-25 18:11:48,514 [INFO] CodeEngine:271 - Generated code: C:\Users\raw\Desktop\Repositories\firstTest\Core\Src\stm32f1xx_it.c
2023-02-25 18:11:48,514 [INFO] CodeEngine:247 - oldGeneratedFile, C:\Users\raw\Desktop\Repositories\firstTest\Core\Inc\stm32f1xx_it.h_save
2023-02-25 18:11:48,544 [INFO] CodeEngine:271 - Generated code: C:\Users\raw\Desktop\Repositories\firstTest\Core\Inc\stm32f1xx_it.h
2023-02-25 18:11:48,560 [INFO] CodeEngine:247 - oldGeneratedFile, C:\Users\raw\Desktop\Repositories\firstTest\Core\Src\stm32f1xx_hal_msp.c_save
2023-02-25 18:11:48,623 [INFO] CodeEngine:271 - Generated code: C:\Users\raw\Desktop\Repositories\firstTest\Core\Src\stm32f1xx_hal_msp.c
2023-02-25 18:11:48,623 [INFO] CodeEngine:247 - oldGeneratedFile, C:\Users\raw\Desktop\Repositories\firstTest\MXTmpFiles\system.tmp_save
2023-02-25 18:11:48,638 [INFO] CodeEngine:271 - Generated code: C:\Users\raw\Desktop\Repositories\firstTest\MXTmpFiles\system.tmp
2023-02-25 18:11:48,654 [INFO] CodeEngine:303 - oldGeneratedFile, C:\Users\raw\Desktop\Repositories\firstTest\Core\Inc\stm32f1xx_hal_conf.h_save
2023-02-25 18:11:48,701 [INFO] CodeEngine:327 - Generated code: C:\Users\raw\Desktop\Repositories\firstTest\Core\Inc\stm32f1xx_hal_conf.h
2023-02-25 18:11:48,701 [INFO] CodeEngine:247 - oldGeneratedFile, C:\Users\raw\Desktop\Repositories\firstTest\Core\Inc\main.h_save
2023-02-25 18:11:48,733 [INFO] CodeEngine:271 - Generated code: C:\Users\raw\Desktop\Repositories\firstTest\Core\Inc\main.h
2023-02-25 18:11:48,747 [INFO] CodeEngine:247 - oldGeneratedFile, C:\Users\raw\Desktop\Repositories\firstTest\Core\Src\main.c_save
2023-02-25 18:11:48,794 [INFO] CodeEngine:271 - Generated code: C:\Users\raw\Desktop\Repositories\firstTest\Core\Src\main.c
2023-02-25 18:11:49,142 [INFO] ProjectBuilder:2919 - Time for Copy HAL[1] : 129mS.
2023-02-25 18:11:49,142 [INFO] ProjectBuilder:4183 - Project Generator version: 3.18.0-B7
2023-02-25 18:11:49,295 [INFO] ConfigFileManager:1396 - The Die is : DIE414
2023-02-25 18:11:49,946 [INFO] ProjectBuilder:4351 - Time for Generating toolchain IDE Files: 804mS.
2023-02-25 18:11:49,946 [INFO] ProjectBuilder:2790 - Time for Copy CMSIS : 0mS.
2023-02-25 18:11:49,946 [INFO] ProjectBuilder:2790 - Time for Copy CMSIS : 0mS.
2023-02-25 18:12:45,945 [INFO] JxBrowserEngine:114 - Initiate JxBrowser Engine with user profile folder
2023-02-25 18:12:48,157 [INFO] WebAppUi:459 - Close the Jxbrowser engine manually
2023-02-25 18:12:48,172 [INFO] WebAppUi:462 - Profiles folder deleted
2023-02-25 18:12:48,422 [ERROR] LogOutputStream:74 - [STDERR_REDIRECT] 
